# JRE version: Java(TM) SE Runtime Environment (15.0.2+7) (build 15.0.2+7-27)
# Java VM: Java HotSpot(TM) 64-Bit Server VM (15.0.2+7-27, mixed mode, sharing, tiered, compressed oops, g1 gc, bsd-amd64)
GC Precious Log:
 CPUs: 12 total, 12 available
 Memory: 16384M
 Large Page Support: Disabled
 NUMA Support: Disabled
 Compressed Oops: Enabled (Zero based)
 Heap Region Size: 2M
 Heap Min Capacity: 8M
 Heap Initial Capacity: 256M
 Heap Max Capacity: 4G
 Pre-touch: Disabled
 Parallel Workers: 10
 Concurrent Workers: 3
 Concurrent Refinement Workers: 10
 Periodic GC: Disabled
Heap:
 garbage-first heap   total 911360K, used 725935K [0x0000000700000000, 0x0000000800000000)
  region size 2048K, 120 young (245760K), 1 survivors (2048K)
 Metaspace       used 49823K, capacity 50250K, committed 51100K, reserved 1095680K
  class space    used 5377K, capacity 5551K, committed 5612K, reserved 1048576K
GC Heap History (20 events):
Event: 371.241 GC heap before
{Heap before GC invocations=167 (full 0):
 garbage-first heap   total 911360K, used 809075K [0x0000000700000000, 0x0000000800000000)
  region size 2048K, 160 young (327680K), 1 survivors (2048K)
 Metaspace       used 49669K, capacity 50122K, committed 51100K, reserved 1095680K
  class space    used 5368K, capacity 5551K, committed 5612K, reserved 1048576K
}
Event: 371.243 GC heap after
{Heap after GC invocations=168 (full 0):
 garbage-first heap   total 911360K, used 485623K [0x0000000700000000, 0x0000000800000000)
  region size 2048K, 1 young (2048K), 1 survivors (2048K)
 Metaspace       used 49669K, capacity 50122K, committed 51100K, reserved 1095680K
  class space    used 5368K, capacity 5551K, committed 5612K, reserved 1048576K
}
Event: 371.468 GC heap before
{Heap before GC invocations=169 (full 0):
 garbage-first heap   total 911360K, used 811255K [0x0000000700000000, 0x0000000800000000)
  region size 2048K, 160 young (327680K), 1 survivors (2048K)
 Metaspace       used 49670K, capacity 50122K, committed 51100K, reserved 1095680K
  class space    used 5368K, capacity 5551K, committed 5612K, reserved 1048576K
}
Event: 371.469 GC heap after
{Heap after GC invocations=170 (full 0):
 garbage-first heap   total 911360K, used 485583K [0x0000000700000000, 0x0000000800000000)
  region size 2048K, 1 young (2048K), 1 survivors (2048K)
 Metaspace       used 49670K, capacity 50122K, committed 51100K, reserved 1095680K
  class space    used 5368K, capacity 5551K, committed 5612K, reserved 1048576K
}
Event: 371.664 GC heap before
{Heap before GC invocations=170 (full 0):
 garbage-first heap   total 911360K, used 809167K [0x0000000700000000, 0x0000000800000000)
  region size 2048K, 160 young (327680K), 1 survivors (2048K)
 Metaspace       used 49671K, capacity 50122K, committed 51100K, reserved 1095680K
  class space    used 5368K, capacity 5551K, committed 5612K, reserved 1048576K
}
Event: 371.666 GC heap after
{Heap after GC invocations=171 (full 0):
 garbage-first heap   total 911360K, used 485645K [0x0000000700000000, 0x0000000800000000)
  region size 2048K, 1 young (2048K), 1 survivors (2048K)
 Metaspace       used 49671K, capacity 50122K, committed 51100K, reserved 1095680K
  class space    used 5368K, capacity 5551K, committed 5612K, reserved 1048576K
}
Event: 371.878 GC heap before
{Heap before GC invocations=172 (full 0):
 garbage-first heap   total 911360K, used 809229K [0x0000000700000000, 0x0000000800000000)
  region size 2048K, 160 young (327680K), 1 survivors (2048K)
 Metaspace       used 49676K, capacity 50122K, committed 51100K, reserved 1095680K
  class space    used 5368K, capacity 5551K, committed 5612K, reserved 1048576K
}
Event: 371.880 GC heap after
{Heap after GC invocations=173 (full 0):
 garbage-first heap   total 911360K, used 485657K [0x0000000700000000, 0x0000000800000000)
  region size 2048K, 1 young (2048K), 1 survivors (2048K)
 Metaspace       used 49676K, capacity 50122K, committed 51100K, reserved 1095680K
  class space    used 5368K, capacity 5551K, committed 5612K, reserved 1048576K
}
Event: 372.086 GC heap before
{Heap before GC invocations=173 (full 0):
 garbage-first heap   total 911360K, used 811289K [0x0000000700000000, 0x0000000800000000)
  region size 2048K, 160 young (327680K), 1 survivors (2048K)
 Metaspace       used 49676K, capacity 50122K, committed 51100K, reserved 1095680K
  class space    used 5368K, capacity 5551K, committed 5612K, reserved 1048576K
}
Event: 372.088 GC heap after
{Heap after GC invocations=174 (full 0):
 garbage-first heap   total 911360K, used 485527K [0x0000000700000000, 0x0000000800000000)
  region size 2048K, 1 young (2048K), 1 survivors (2048K)
 Metaspace       used 49676K, capacity 50122K, committed 51100K, reserved 1095680K
  class space    used 5368K, capacity 5551K, committed 5612K, reserved 1048576K
}
Event: 372.288 GC heap before
{Heap before GC invocations=175 (full 0):
 garbage-first heap   total 911360K, used 811159K [0x0000000700000000, 0x0000000800000000)
  region size 2048K, 160 young (327680K), 1 survivors (2048K)
 Metaspace       used 49679K, capacity 50122K, committed 51100K, reserved 1095680K
  class space    used 5368K, capacity 5551K, committed 5612K, reserved 1048576K
}
Event: 372.291 GC heap after
{Heap after GC invocations=176 (full 0):
 garbage-first heap   total 911360K, used 486046K [0x0000000700000000, 0x0000000800000000)
  region size 2048K, 1 young (2048K), 1 survivors (2048K)
 Metaspace       used 49679K, capacity 50122K, committed 51100K, reserved 1095680K
  class space    used 5368K, capacity 5551K, committed 5612K, reserved 1048576K
}
Event: 372.497 GC heap before
{Heap before GC invocations=176 (full 0):
 garbage-first heap   total 911360K, used 809630K [0x0000000700000000, 0x0000000800000000)
  region size 2048K, 160 young (327680K), 1 survivors (2048K)
 Metaspace       used 49680K, capacity 50122K, committed 51100K, reserved 1095680K
  class space    used 5368K, capacity 5551K, committed 5612K, reserved 1048576K
}
Event: 372.499 GC heap after
{Heap after GC invocations=177 (full 0):
 garbage-first heap   total 911360K, used 485649K [0x0000000700000000, 0x0000000800000000)
  region size 2048K, 1 young (2048K), 1 survivors (2048K)
 Metaspace       used 49680K, capacity 50122K, committed 51100K, reserved 1095680K
  class space    used 5368K, capacity 5551K, committed 5612K, reserved 1048576K
}
Event: 372.765 GC heap before
{Heap before GC invocations=178 (full 0):
 garbage-first heap   total 911360K, used 811281K [0x0000000700000000, 0x0000000800000000)
  region size 2048K, 160 young (327680K), 1 survivors (2048K)
 Metaspace       used 49698K, capacity 50122K, committed 51100K, reserved 1095680K
  class space    used 5368K, capacity 5551K, committed 5612K, reserved 1048576K
}
Event: 372.767 GC heap after
{Heap after GC invocations=179 (full 0):
 garbage-first heap   total 911360K, used 486110K [0x0000000700000000, 0x0000000800000000)
  region size 2048K, 1 young (2048K), 1 survivors (2048K)
 Metaspace       used 49698K, capacity 50122K, committed 51100K, reserved 1095680K
  class space    used 5368K, capacity 5551K, committed 5612K, reserved 1048576K
}
Event: 372.960 GC heap before
{Heap before GC invocations=179 (full 0):
 garbage-first heap   total 911360K, used 811742K [0x0000000700000000, 0x0000000800000000)
  region size 2048K, 160 young (327680K), 1 survivors (2048K)
 Metaspace       used 49699K, capacity 50122K, committed 51100K, reserved 1095680K
  class space    used 5368K, capacity 5551K, committed 5612K, reserved 1048576K
}
Event: 372.962 GC heap after
{Heap after GC invocations=180 (full 0):
 garbage-first heap   total 911360K, used 486133K [0x0000000700000000, 0x0000000800000000)
  region size 2048K, 1 young (2048K), 1 survivors (2048K)
 Metaspace       used 49699K, capacity 50122K, committed 51100K, reserved 1095680K
  class space    used 5368K, capacity 5551K, committed 5612K, reserved 1048576K
}
Event: 373.183 GC heap before
{Heap before GC invocations=181 (full 0):
 garbage-first heap   total 911360K, used 809717K [0x0000000700000000, 0x0000000800000000)
  region size 2048K, 160 young (327680K), 1 survivors (2048K)
 Metaspace       used 49699K, capacity 50122K, committed 51100K, reserved 1095680K
  class space    used 5368K, capacity 5551K, committed 5612K, reserved 1048576K
}
Event: 373.185 GC heap after
{Heap after GC invocations=182 (full 0):
 garbage-first heap   total 911360K, used 486319K [0x0000000700000000, 0x0000000800000000)
  region size 2048K, 1 young (2048K), 1 survivors (2048K)
 Metaspace       used 49699K, capacity 50122K, committed 51100K, reserved 1095680K
  class space    used 5368K, capacity 5551K, committed 5612K, reserved 1048576K
}

